2024-07-16T18:55:08.355Z info: Server running on port 3000
2024-07-16T18:58:38.881Z info: Server running on port 3000
2024-07-16T19:07:41.959Z info: Server running on port 3000
2024-07-16T19:08:47.878Z info: New connection: HA_76wsPy_9Vv8YoAAAB
2024-07-16T19:08:50.156Z info: New connection: 6sAp0DIF2j71ucvCAAAD
2024-07-16T19:09:32.428Z info: Room created: 8f0686fa-b60f-4e87-84eb-6f5c836d9600 by 6sAp0DIF2j71ucvCAAAD
2024-07-16T19:11:13.591Z info: Player HA_76wsPy_9Vv8YoAAAB joined room 8f0686fa-b60f-4e87-84eb-6f5c836d9600
2024-07-16T19:11:18.965Z info: Player HA_76wsPy_9Vv8YoAAAB made move X at 8 in room 8f0686fa-b60f-4e87-84eb-6f5c836d9600
2024-07-16T19:12:19.431Z info: Server running on port 3000
2024-07-16T19:12:19.663Z info: New connection: GxD5stRmVIffVBhmAAAC
2024-07-16T19:12:19.682Z info: New connection: hrfWlNPveLjsNuA9AAAD
2024-07-16T19:12:24.174Z info: Connection lost: GxD5stRmVIffVBhmAAAC
2024-07-16T19:12:24.299Z info: New connection: JKClVFfC1UmvDi5QAAAF
2024-07-16T19:12:26.862Z info: Connection lost: hrfWlNPveLjsNuA9AAAD
2024-07-16T19:12:27.298Z info: New connection: RDd_YOf9JFtjYNJiAAAH
2024-07-16T19:12:38.665Z info: Room created: e230f105-8d3f-4483-b837-ceffc5ca9c03 by RDd_YOf9JFtjYNJiAAAH
2024-07-16T19:12:46.002Z info: Player JKClVFfC1UmvDi5QAAAF joined room e230f105-8d3f-4483-b837-ceffc5ca9c03
2024-07-16T19:12:50.552Z info: Player RDd_YOf9JFtjYNJiAAAH made move X at 8 in room e230f105-8d3f-4483-b837-ceffc5ca9c03
2024-07-22T20:40:40.098Z info: Server running on port 3000
2024-07-22T20:43:52.369Z info: New connection: 9TzIvEnY3hMwFHkHAAAB
2024-07-22T20:44:13.304Z info: Room created: 5f2fbcfe-2506-4d8d-9778-5deb08559dfb by 9TzIvEnY3hMwFHkHAAAB
2024-07-22T20:44:31.500Z info: New connection: Qz31Y8uHSbTwFUEcAAAD
2024-07-22T20:44:44.423Z info: Player Qz31Y8uHSbTwFUEcAAAD joined room 5f2fbcfe-2506-4d8d-9778-5deb08559dfb
2024-07-22T20:44:56.550Z info: Player Qz31Y8uHSbTwFUEcAAAD made move X at 8 in room 5f2fbcfe-2506-4d8d-9778-5deb08559dfb
