2024-07-05T12:14:52.668Z [32minfo[39m: ::1 - - [05/Jul/2024:12:14:52 +0000] "GET /api/products/ HTTP/1.1" 404 152 "-" "Mozilla/5.0 (Windows NT 10.0; Win64; x64) AppleWebKit/537.36 (KHTML, like Gecko) Chrome/126.0.0.0 Safari/537.36"
2024-07-05T12:14:58.002Z [32minfo[39m: ::1 - - [05/Jul/2024:12:14:58 +0000] "GET / HTTP/1.1" 404 139 "-" "Mozilla/5.0 (Windows NT 10.0; Win64; x64) AppleWebKit/537.36 (KHTML, like Gecko) Chrome/126.0.0.0 Safari/537.36"
2024-07-05T12:24:59.840Z [32minfo[39m: ::1 - - [05/Jul/2024:12:24:59 +0000] "GET / HTTP/1.1" 404 139 "-" "Mozilla/5.0 (Windows NT 10.0; Win64; x64) AppleWebKit/537.36 (KHTML, like Gecko) Chrome/126.0.0.0 Safari/537.36"
2024-07-05T12:25:00.829Z [32minfo[39m: ::1 - - [05/Jul/2024:12:25:00 +0000] "GET / HTTP/1.1" 404 139 "-" "Mozilla/5.0 (Windows NT 10.0; Win64; x64) AppleWebKit/537.36 (KHTML, like Gecko) Chrome/126.0.0.0 Safari/537.36"
2024-07-05T12:47:47.695Z [32minfo[39m: ::1 - GET / HTTP/1.1 404 139 - 4.468 ms
2024-07-05T12:54:25.727Z [32minfo[39m: ::1 - GET / HTTP/1.1 200 373 - 34.352 ms
2024-07-05T12:54:25.752Z [32minfo[39m: ::1 - GET /css/styles.css HTTP/1.1 404 153 - 1.744 ms
2024-07-05T12:54:25.930Z [32minfo[39m: ::1 - GET /favicon.ico HTTP/1.1 404 150 - 1.241 ms
2024-07-05T12:56:53.209Z [32minfo[39m: ::1 - GET /users/login HTTP/1.1 200 556 - 1.733 ms
2024-07-05T12:56:53.234Z [32minfo[39m: ::1 - GET /css/styles.css HTTP/1.1 404 153 - 0.714 ms
2024-07-05T12:59:10.759Z [32minfo[39m: ::1 - GET /users/register HTTP/1.1 200 713 - 3.142 ms
2024-07-05T12:59:10.795Z [32minfo[39m: ::1 - GET /css/styles.css HTTP/1.1 404 153 - 1.093 ms
2024-07-05T12:59:24.472Z [32minfo[39m: ::1 - POST /users/register HTTP/1.1 200 713 - 29.220 ms
2024-07-05T12:59:24.495Z [32minfo[39m: ::1 - GET /css/styles.css HTTP/1.1 404 153 - 1.203 ms
2024-07-05T13:01:09.952Z [32minfo[39m: ::1 - POST /users/register HTTP/1.1 200 713 - 3.205 ms
2024-07-05T13:01:09.993Z [32minfo[39m: ::1 - GET /css/styles.css HTTP/1.1 404 153 - 1.506 ms
2024-07-05T13:01:31.946Z [32minfo[39m: ::1 - GET /users/login HTTP/1.1 304 - - 2.798 ms
2024-07-05T13:01:31.976Z [32minfo[39m: ::1 - GET /css/styles.css HTTP/1.1 404 153 - 0.704 ms
2024-07-05T13:01:35.554Z [32minfo[39m: ::1 - POST /users/login HTTP/1.1 302 68 - 41.098 ms
2024-07-05T13:01:35.564Z [32minfo[39m: ::1 - GET /users/login HTTP/1.1 200 556 - 2.362 ms
2024-07-05T13:01:35.588Z [32minfo[39m: ::1 - GET /css/styles.css HTTP/1.1 404 153 - 4.952 ms
2024-07-05T13:03:27.221Z [32minfo[39m: ::1 - GET /users/login HTTP/1.1 304 - - 9.727 ms
2024-07-05T13:03:27.244Z [32minfo[39m: ::1 - GET /css/styles.css HTTP/1.1 404 153 - 1.754 ms
2024-07-05T13:03:28.265Z [32minfo[39m: ::1 - GET /users/login HTTP/1.1 304 - - 4.031 ms
2024-07-05T13:03:28.289Z [32minfo[39m: ::1 - GET /css/styles.css HTTP/1.1 404 153 - 0.598 ms
2024-07-05T13:03:29.784Z [32minfo[39m: ::1 - GET /users/register HTTP/1.1 200 713 - 4.082 ms
2024-07-05T13:03:29.811Z [32minfo[39m: ::1 - GET /css/styles.css HTTP/1.1 404 153 - 1.365 ms
2024-07-05T13:03:32.048Z [32minfo[39m: ::1 - GET /users/login HTTP/1.1 304 - - 2.749 ms
2024-07-05T13:03:32.074Z [32minfo[39m: ::1 - GET /css/styles.css HTTP/1.1 404 153 - 0.506 ms
2024-07-05T13:03:34.862Z [32minfo[39m: ::1 - GET / HTTP/1.1 304 - - 6.816 ms
2024-07-05T13:03:34.896Z [32minfo[39m: ::1 - GET /css/styles.css HTTP/1.1 404 153 - 1.136 ms
2024-07-05T13:03:36.780Z [32minfo[39m: ::1 - GET /users/login HTTP/1.1 304 - - 1.617 ms
2024-07-05T13:03:36.804Z [32minfo[39m: ::1 - GET /css/styles.css HTTP/1.1 404 153 - 1.373 ms
2024-07-05T13:04:47.528Z [32minfo[39m: ::1 - GET /users/login HTTP/1.1 304 - - 9.588 ms
2024-07-05T13:04:47.564Z [32minfo[39m: ::1 - GET /css/styles.css HTTP/1.1 200 1605 - 3.192 ms
2024-07-05T13:04:54.339Z [32minfo[39m: ::1 - GET /u HTTP/1.1 404 140 - 5.354 ms
2024-07-05T13:04:59.319Z [32minfo[39m: ::1 - GET / HTTP/1.1 304 - - 6.497 ms
2024-07-05T13:04:59.356Z [32minfo[39m: ::1 - GET /css/styles.css HTTP/1.1 304 - - 1.641 ms
2024-07-05T13:05:10.736Z [32minfo[39m: ::1 - GET /users/login HTTP/1.1 304 - - 9.323 ms
2024-07-05T13:05:10.758Z [32minfo[39m: ::1 - GET /css/styles.css HTTP/1.1 304 - - 1.385 ms
2024-07-05T13:05:43.149Z [32minfo[39m: ::1 - POST /users/login HTTP/1.1 302 68 - 45.862 ms
2024-07-05T13:05:43.160Z [32minfo[39m: ::1 - GET /users/login HTTP/1.1 200 556 - 2.781 ms
2024-07-05T13:05:43.189Z [32minfo[39m: ::1 - GET /css/styles.css HTTP/1.1 304 - - 0.978 ms
2024-07-05T13:09:17.122Z [32minfo[39m: ::1 - POST /users/login HTTP/1.1 302 68 - 8.383 ms
2024-07-05T13:09:17.134Z [32minfo[39m: ::1 - GET /users/login HTTP/1.1 200 556 - 2.406 ms
2024-07-05T13:09:17.240Z [32minfo[39m: ::1 - GET /css/styles.css HTTP/1.1 304 - - 1.119 ms
2024-07-05T13:09:36.832Z [32minfo[39m: ::1 - GET /users/register HTTP/1.1 304 - - 1.232 ms
2024-07-05T13:09:36.853Z [32minfo[39m: ::1 - GET /css/styles.css HTTP/1.1 304 - - 0.465 ms
2024-07-05T13:10:04.845Z [32minfo[39m: ::1 - POST /users/register HTTP/1.1 200 713 - 1.663 ms
2024-07-05T13:10:04.867Z [32minfo[39m: ::1 - GET /css/styles.css HTTP/1.1 304 - - 0.411 ms
2024-07-05T13:11:00.810Z [32minfo[39m: ::1 - GET /users/login HTTP/1.1 304 - - 3.156 ms
2024-07-05T13:11:00.845Z [32minfo[39m: ::1 - GET /css/styles.css HTTP/1.1 304 - - 1.159 ms
2024-07-05T13:11:08.645Z [32minfo[39m: ::1 - POST /users/login HTTP/1.1 302 68 - 4.589 ms
2024-07-05T13:11:08.655Z [32minfo[39m: ::1 - GET /users/login HTTP/1.1 200 556 - 1.940 ms
2024-07-05T13:11:08.682Z [32minfo[39m: ::1 - GET /css/styles.css HTTP/1.1 304 - - 0.719 ms
2024-07-05T13:18:16.072Z [32minfo[39m: ::1 - POST /users/login HTTP/1.1 302 68 - 23.892 ms
2024-07-05T13:18:16.084Z [32minfo[39m: ::1 - GET /users/login HTTP/1.1 200 556 - 7.617 ms
2024-07-05T13:18:16.108Z [32minfo[39m: ::1 - GET /css/styles.css HTTP/1.1 304 - - 2.260 ms
2024-07-05T13:59:40.725Z [32minfo[39m: ::1 - POST /users/login HTTP/1.1 302 68 - 5.879 ms
2024-07-05T13:59:40.737Z [32minfo[39m: ::1 - GET /users/login HTTP/1.1 200 556 - 3.649 ms
2024-07-05T13:59:40.762Z [32minfo[39m: ::1 - GET /css/styles.css HTTP/1.1 304 - - 1.328 ms
2024-07-05T14:02:47.937Z [32minfo[39m: ::1 - GET /users/login HTTP/1.1 304 - - 26.746 ms
2024-07-05T14:02:47.962Z [32minfo[39m: ::1 - GET /css/styles.css HTTP/1.1 304 - - 1.337 ms
2024-07-05T14:02:52.075Z [32minfo[39m: ::1 - GET /users/register HTTP/1.1 200 713 - 3.813 ms
2024-07-05T14:02:52.105Z [32minfo[39m: ::1 - GET /css/styles.css HTTP/1.1 304 - - 0.930 ms
2024-07-05T14:03:12.351Z [32minfo[39m: ::1 - POST /users/register HTTP/1.1 200 713 - 34.772 ms
2024-07-05T14:03:12.370Z [32minfo[39m: ::1 - GET /css/styles.css HTTP/1.1 304 - - 1.229 ms
2024-07-05T14:03:29.108Z [32minfo[39m: ::1 - GET /users/login HTTP/1.1 304 - - 1.427 ms
2024-07-05T14:03:29.143Z [32minfo[39m: ::1 - GET /css/styles.css HTTP/1.1 304 - - 1.555 ms
2024-07-05T14:03:36.696Z [32minfo[39m: ::1 - POST /users/login HTTP/1.1 302 68 - 20.188 ms
2024-07-05T14:03:36.704Z [32minfo[39m: ::1 - GET /users/login HTTP/1.1 200 556 - 1.774 ms
2024-07-05T14:03:36.727Z [32minfo[39m: ::1 - GET /css/styles.css HTTP/1.1 304 - - 0.827 ms
2024-07-05T14:08:46.847Z [32minfo[39m: ::1 - GET /users/register HTTP/1.1 200 713 - 2.231 ms
2024-07-05T14:08:46.884Z [32minfo[39m: ::1 - GET /css/styles.css HTTP/1.1 304 - - 1.110 ms
2024-07-05T14:09:04.963Z [32minfo[39m: ::1 - POST /users/register HTTP/1.1 200 713 - 2.267 ms
2024-07-05T14:09:04.990Z [32minfo[39m: ::1 - GET /css/styles.css HTTP/1.1 304 - - 0.655 ms
2024-07-06T14:18:34.323Z [32minfo[39m: ::1 - - [06/Jul/2024:14:18:34 +0000] "GET / HTTP/1.1" 304 - "-" "Mozilla/5.0 (Windows NT 10.0; Win64; x64) AppleWebKit/537.36 (KHTML, like Gecko) Chrome/126.0.0.0 Safari/537.36"
2024-07-06T14:18:34.406Z [32minfo[39m: ::1 - - [06/Jul/2024:14:18:34 +0000] "GET /css/styles.css HTTP/1.1" 304 - "http://localhost:3000/" "Mozilla/5.0 (Windows NT 10.0; Win64; x64) AppleWebKit/537.36 (KHTML, like Gecko) Chrome/126.0.0.0 Safari/537.36"
2024-07-06T14:18:35.306Z [32minfo[39m: ::1 - - [06/Jul/2024:14:18:35 +0000] "GET /favicon.ico HTTP/1.1" 404 150 "http://localhost:3000/" "Mozilla/5.0 (Windows NT 10.0; Win64; x64) AppleWebKit/537.36 (KHTML, like Gecko) Chrome/126.0.0.0 Safari/537.36"
2024-07-06T14:18:37.206Z [32minfo[39m: ::1 - - [06/Jul/2024:14:18:37 +0000] "GET /users/login HTTP/1.1" 304 - "http://localhost:3000/" "Mozilla/5.0 (Windows NT 10.0; Win64; x64) AppleWebKit/537.36 (KHTML, like Gecko) Chrome/126.0.0.0 Safari/537.36"
2024-07-06T14:18:37.232Z [32minfo[39m: ::1 - - [06/Jul/2024:14:18:37 +0000] "GET /css/styles.css HTTP/1.1" 304 - "http://localhost:3000/users/login" "Mozilla/5.0 (Windows NT 10.0; Win64; x64) AppleWebKit/537.36 (KHTML, like Gecko) Chrome/126.0.0.0 Safari/537.36"
2024-07-06T14:18:41.533Z [32minfo[39m: ::1 - - [06/Jul/2024:14:18:41 +0000] "GET /users/register HTTP/1.1" 200 713 "http://localhost:3000/users/login" "Mozilla/5.0 (Windows NT 10.0; Win64; x64) AppleWebKit/537.36 (KHTML, like Gecko) Chrome/126.0.0.0 Safari/537.36"
2024-07-06T14:18:41.640Z [32minfo[39m: ::1 - - [06/Jul/2024:14:18:41 +0000] "GET /css/styles.css HTTP/1.1" 304 - "http://localhost:3000/users/register" "Mozilla/5.0 (Windows NT 10.0; Win64; x64) AppleWebKit/537.36 (KHTML, like Gecko) Chrome/126.0.0.0 Safari/537.36"
2024-07-06T14:19:06.004Z [32minfo[39m: ::1 - - [06/Jul/2024:14:19:06 +0000] "POST /users/register HTTP/1.1" 200 713 "http://localhost:3000/users/register" "Mozilla/5.0 (Windows NT 10.0; Win64; x64) AppleWebKit/537.36 (KHTML, like Gecko) Chrome/126.0.0.0 Safari/537.36"
2024-07-06T14:19:06.030Z [32minfo[39m: ::1 - - [06/Jul/2024:14:19:06 +0000] "GET /css/styles.css HTTP/1.1" 304 - "http://localhost:3000/users/register" "Mozilla/5.0 (Windows NT 10.0; Win64; x64) AppleWebKit/537.36 (KHTML, like Gecko) Chrome/126.0.0.0 Safari/537.36"
2024-07-06T14:19:43.285Z [32minfo[39m: ::1 - - [06/Jul/2024:14:19:43 +0000] "GET /users/login HTTP/1.1" 304 - "http://localhost:3000/users/register" "Mozilla/5.0 (Windows NT 10.0; Win64; x64) AppleWebKit/537.36 (KHTML, like Gecko) Chrome/126.0.0.0 Safari/537.36"
2024-07-06T14:19:43.318Z [32minfo[39m: ::1 - - [06/Jul/2024:14:19:43 +0000] "GET /css/styles.css HTTP/1.1" 304 - "http://localhost:3000/users/login" "Mozilla/5.0 (Windows NT 10.0; Win64; x64) AppleWebKit/537.36 (KHTML, like Gecko) Chrome/126.0.0.0 Safari/537.36"
2024-07-06T14:19:52.099Z [32minfo[39m: ::1 - - [06/Jul/2024:14:19:52 +0000] "POST /users/login HTTP/1.1" 404 38 "http://localhost:3000/users/login" "Mozilla/5.0 (Windows NT 10.0; Win64; x64) AppleWebKit/537.36 (KHTML, like Gecko) Chrome/126.0.0.0 Safari/537.36"
2024-07-06T14:20:32.022Z [32minfo[39m: ::1 - - [06/Jul/2024:14:20:32 +0000] "GET /users/register HTTP/1.1" 200 713 "http://localhost:3000/users/login" "Mozilla/5.0 (Windows NT 10.0; Win64; x64) AppleWebKit/537.36 (KHTML, like Gecko) Chrome/126.0.0.0 Safari/537.36"
2024-07-06T14:20:32.052Z [32minfo[39m: ::1 - - [06/Jul/2024:14:20:32 +0000] "GET /css/styles.css HTTP/1.1" 304 - "http://localhost:3000/users/register" "Mozilla/5.0 (Windows NT 10.0; Win64; x64) AppleWebKit/537.36 (KHTML, like Gecko) Chrome/126.0.0.0 Safari/537.36"
2024-07-06T14:20:49.039Z [32minfo[39m: ::1 - - [06/Jul/2024:14:20:49 +0000] "POST /users/register HTTP/1.1" 200 713 "http://localhost:3000/users/register" "Mozilla/5.0 (Windows NT 10.0; Win64; x64) AppleWebKit/537.36 (KHTML, like Gecko) Chrome/126.0.0.0 Safari/537.36"
2024-07-06T14:20:49.065Z [32minfo[39m: ::1 - - [06/Jul/2024:14:20:49 +0000] "GET /css/styles.css HTTP/1.1" 304 - "http://localhost:3000/users/register" "Mozilla/5.0 (Windows NT 10.0; Win64; x64) AppleWebKit/537.36 (KHTML, like Gecko) Chrome/126.0.0.0 Safari/537.36"
2024-07-06T14:26:07.646Z [32minfo[39m: ::1 - - [06/Jul/2024:14:26:07 +0000] "POST /users/register HTTP/1.1" 200 188 "http://localhost:3000/users/register" "Mozilla/5.0 (Windows NT 10.0; Win64; x64) AppleWebKit/537.36 (KHTML, like Gecko) Chrome/126.0.0.0 Safari/537.36"
2024-07-06T14:35:25.907Z [32minfo[39m: ::1 - - [06/Jul/2024:14:35:25 +0000] "POST /users/register HTTP/1.1" 500 20 "http://localhost:3000/users/register" "Mozilla/5.0 (Windows NT 10.0; Win64; x64) AppleWebKit/537.36 (KHTML, like Gecko) Chrome/126.0.0.0 Safari/537.36"
2024-07-06T14:38:21.171Z [32minfo[39m: ::1 - - [06/Jul/2024:14:38:21 +0000] "POST /users/register HTTP/1.1" 500 20 "http://localhost:3000/users/register" "Mozilla/5.0 (Windows NT 10.0; Win64; x64) AppleWebKit/537.36 (KHTML, like Gecko) Chrome/126.0.0.0 Safari/537.36"
2024-07-06T14:38:23.329Z [32minfo[39m: ::1 - - [06/Jul/2024:14:38:23 +0000] "GET /users/register HTTP/1.1" 200 713 "http://localhost:3000/users/login" "Mozilla/5.0 (Windows NT 10.0; Win64; x64) AppleWebKit/537.36 (KHTML, like Gecko) Chrome/126.0.0.0 Safari/537.36"
2024-07-06T14:38:24.999Z [32minfo[39m: ::1 - - [06/Jul/2024:14:38:24 +0000] "GET /users/login HTTP/1.1" 304 - "http://localhost:3000/users/register" "Mozilla/5.0 (Windows NT 10.0; Win64; x64) AppleWebKit/537.36 (KHTML, like Gecko) Chrome/126.0.0.0 Safari/537.36"
2024-07-06T14:38:25.035Z [32minfo[39m: ::1 - - [06/Jul/2024:14:38:25 +0000] "GET /css/styles.css HTTP/1.1" 304 - "http://localhost:3000/users/login" "Mozilla/5.0 (Windows NT 10.0; Win64; x64) AppleWebKit/537.36 (KHTML, like Gecko) Chrome/126.0.0.0 Safari/537.36"
2024-07-06T14:38:27.022Z [32minfo[39m: ::1 - - [06/Jul/2024:14:38:27 +0000] "GET /users/register HTTP/1.1" 304 - "http://localhost:3000/users/login" "Mozilla/5.0 (Windows NT 10.0; Win64; x64) AppleWebKit/537.36 (KHTML, like Gecko) Chrome/126.0.0.0 Safari/537.36"
2024-07-06T14:38:27.061Z [32minfo[39m: ::1 - - [06/Jul/2024:14:38:27 +0000] "GET /css/styles.css HTTP/1.1" 304 - "http://localhost:3000/users/register" "Mozilla/5.0 (Windows NT 10.0; Win64; x64) AppleWebKit/537.36 (KHTML, like Gecko) Chrome/126.0.0.0 Safari/537.36"
2024-07-06T14:38:59.676Z [32minfo[39m: ::1 - - [06/Jul/2024:14:38:59 +0000] "POST /users/register HTTP/1.1" 500 20 "http://localhost:3000/users/register" "Mozilla/5.0 (Windows NT 10.0; Win64; x64) AppleWebKit/537.36 (KHTML, like Gecko) Chrome/126.0.0.0 Safari/537.36"
2024-07-06T14:40:24.995Z [32minfo[39m: ::1 - - [06/Jul/2024:14:40:24 +0000] "POST /users/register HTTP/1.1" 400 61 "http://localhost:3000/users/register" "Mozilla/5.0 (Windows NT 10.0; Win64; x64) AppleWebKit/537.36 (KHTML, like Gecko) Chrome/126.0.0.0 Safari/537.36"
2024-07-06T14:41:25.308Z [32minfo[39m: ::1 - - [06/Jul/2024:14:41:25 +0000] "POST /users/register HTTP/1.1" 500 188 "http://localhost:3000/users/register" "Mozilla/5.0 (Windows NT 10.0; Win64; x64) AppleWebKit/537.36 (KHTML, like Gecko) Chrome/126.0.0.0 Safari/537.36"
2024-07-06T14:46:04.999Z [32minfo[39m: ::1 - - [06/Jul/2024:14:46:04 +0000] "GET /users/login HTTP/1.1" 304 - "-" "Mozilla/5.0 (Windows NT 10.0; Win64; x64) AppleWebKit/537.36 (KHTML, like Gecko) Chrome/126.0.0.0 Safari/537.36"
2024-07-06T14:46:05.061Z [32minfo[39m: ::1 - - [06/Jul/2024:14:46:05 +0000] "GET /css/styles.css HTTP/1.1" 304 - "http://localhost:3000/users/login" "Mozilla/5.0 (Windows NT 10.0; Win64; x64) AppleWebKit/537.36 (KHTML, like Gecko) Chrome/126.0.0.0 Safari/537.36"
2024-07-06T14:46:16.111Z [32minfo[39m: ::1 - - [06/Jul/2024:14:46:16 +0000] "POST /users/login HTTP/1.1" 200 237 "http://localhost:3000/users/login" "Mozilla/5.0 (Windows NT 10.0; Win64; x64) AppleWebKit/537.36 (KHTML, like Gecko) Chrome/126.0.0.0 Safari/537.36"
2024-07-06T14:46:59.863Z [32minfo[39m: ::1 - - [06/Jul/2024:14:46:59 +0000] "GET / HTTP/1.1" 304 - "-" "Mozilla/5.0 (Windows NT 10.0; Win64; x64) AppleWebKit/537.36 (KHTML, like Gecko) Chrome/126.0.0.0 Safari/537.36"
2024-07-06T14:46:59.924Z [32minfo[39m: ::1 - - [06/Jul/2024:14:46:59 +0000] "GET /css/styles.css HTTP/1.1" 304 - "http://localhost:3000/" "Mozilla/5.0 (Windows NT 10.0; Win64; x64) AppleWebKit/537.36 (KHTML, like Gecko) Chrome/126.0.0.0 Safari/537.36"
2024-07-06T14:47:10.115Z [32minfo[39m: ::1 - - [06/Jul/2024:14:47:10 +0000] "GET //dashboard HTTP/1.1" 404 149 "-" "Mozilla/5.0 (Windows NT 10.0; Win64; x64) AppleWebKit/537.36 (KHTML, like Gecko) Chrome/126.0.0.0 Safari/537.36"
2024-07-06T14:47:15.100Z [32minfo[39m: ::1 - - [06/Jul/2024:14:47:15 +0000] "GET /dashboard HTTP/1.1" 401 - "-" "Mozilla/5.0 (Windows NT 10.0; Win64; x64) AppleWebKit/537.36 (KHTML, like Gecko) Chrome/126.0.0.0 Safari/537.36"
2024-07-06T14:53:27.807Z [32minfo[39m: GET /users/login 200 556 - 22.364 ms
2024-07-06T14:53:27.933Z [32minfo[39m: GET /css/styles.css 304 - - 112.777 ms
2024-07-06T14:53:35.332Z [32minfo[39m: POST /users/login 200 264 - 341.029 ms
2024-07-08T21:27:59.419Z [32minfo[39m: GET / 304 - - 21.380 ms
2024-07-08T21:27:59.528Z [32minfo[39m: GET /css/styles.css 304 - - 4.541 ms
2024-07-08T21:28:00.393Z [32minfo[39m: GET /favicon.ico 404 150 - 5.193 ms
2024-07-08T21:28:01.797Z [32minfo[39m: GET /users/login 200 1329 - 4.806 ms
2024-07-08T21:28:01.818Z [32minfo[39m: GET /css/styles.css 304 - - 1.033 ms
2024-07-08T21:28:11.183Z [32minfo[39m: POST /users/login 200 264 - 318.202 ms
2024-07-08T21:31:42.964Z [32minfo[39m: GET /users/login 200 1394 - 15.541 ms
2024-07-08T21:31:44.107Z [32minfo[39m: GET /users/login 304 - - 7.793 ms
2024-07-08T21:31:44.149Z [32minfo[39m: GET /css/styles.css 304 - - 1.676 ms
2024-07-08T21:31:52.352Z [32minfo[39m: POST /users/login 200 264 - 268.499 ms
2024-07-08T21:31:52.383Z [32minfo[39m: GET /dashboard 401 - - 7.001 ms
2024-07-08T21:53:11.539Z [32minfo[39m: GET /users/login 200 1452 - 48.691 ms
2024-07-08T21:53:16.192Z [32minfo[39m: POST /users/login 200 264 - 252.499 ms
2024-07-08T21:53:16.218Z [32minfo[39m: GET /dashboard 401 40 - 3.263 ms
2024-07-08T22:00:47.408Z [32minfo[39m: GET /users/login 200 1452 - 24.289 ms
2024-07-08T22:00:50.633Z [32minfo[39m: POST /users/login 200 264 - 251.986 ms
2024-07-08T22:00:50.648Z [32minfo[39m: GET /dashboard 401 40 - 2.196 ms
2024-07-11T18:05:54.927Z [32minfo[39m: GET /users/login 200 1452 - 35.106 ms
2024-07-11T18:05:54.994Z [32minfo[39m: GET /css/styles.css 304 - - 4.138 ms
2024-07-11T18:05:55.849Z [32minfo[39m: GET /favicon.ico 404 150 - 7.595 ms
2024-07-11T18:06:02.019Z [32minfo[39m: POST /users/login 200 264 - 282.551 ms
2024-07-11T18:06:02.044Z [32minfo[39m: GET /dashboard 401 40 - 1.758 ms
2024-07-11T18:06:36.192Z [32minfo[39m: GET /users/login 200 1452 - 4.991 ms
2024-07-11T18:07:31.821Z [32minfo[39m: DELETE /users/login 404 153 - 2.566 ms
2024-07-11T18:07:44.026Z [32minfo[39m: POST /users/login 200 264 - 115.892 ms
2024-07-11T18:08:45.608Z [32minfo[39m: POST /users/login 200 264 - 173.660 ms
2024-07-11T18:09:04.039Z [32minfo[39m: GET /dashboard 500 1458 - 6.792 ms
2024-07-11T18:16:09.423Z [32minfo[39m: POST /users/login 200 264 - 280.475 ms
2024-07-11T18:16:38.525Z [32minfo[39m: GET /dashboard 500 1458 - 46.544 ms
2024-07-11T18:16:52.900Z [32minfo[39m: GET /dashboard 500 1458 - 5.510 ms
2024-07-11T18:18:50.660Z [32minfo[39m: POST /users/login 200 264 - 314.508 ms
2024-07-11T18:19:08.238Z [32minfo[39m: GET /dashboard 500 1458 - 18.486 ms
2024-07-11T18:19:10.996Z [32minfo[39m: GET /dashboard 500 1458 - 6.459 ms
2024-07-11T18:19:11.372Z [32minfo[39m: GET /dashboard 500 1458 - 4.011 ms
2024-07-11T18:19:11.796Z [32minfo[39m: GET /dashboard 500 1458 - 5.062 ms
2024-07-11T18:21:00.676Z [32minfo[39m: POST /users/login 200 264 - 185.087 ms
2024-07-11T18:21:14.192Z [32minfo[39m: GET /dashboard 500 1458 - 48.334 ms
2024-07-11T18:22:33.023Z [32minfo[39m: POST /users/login 200 264 - 186.959 ms
2024-07-11T18:22:42.507Z [32minfo[39m: GET /dashboard 200 2207 - 43.783 ms
2024-07-11T18:23:45.919Z [32minfo[39m: GET /dashboard 200 2198 - 38.088 ms
2024-07-11T18:24:04.749Z [32minfo[39m: POST /users/login 200 264 - 260.502 ms
2024-07-11T18:24:04.765Z [32minfo[39m: GET /dashboard 401 40 - 2.512 ms
2024-07-11T18:31:32.886Z [32minfo[39m: GET /dashboard 200 2225 - 33.373 ms
2024-07-11T18:31:41.340Z [32minfo[39m: GET /users/login 200 1452 - 10.175 ms
2024-07-11T18:31:44.292Z [32minfo[39m: POST /users/login 200 264 - 251.882 ms
2024-07-11T18:31:44.318Z [32minfo[39m: GET /dashboard 401 40 - 4.521 ms
2024-07-11T18:33:00.491Z [32minfo[39m: GET /users/login 200 1452 - 30.744 ms
2024-07-11T18:33:03.582Z [32minfo[39m: POST /users/login 200 264 - 257.960 ms
2024-07-11T18:33:03.620Z [32minfo[39m: GET /dashboard 401 40 - 7.821 ms
2024-07-11T18:59:45.250Z [32minfo[39m: GET /users/login 200 1492 - 52.197 ms
2024-07-11T18:59:48.129Z [32minfo[39m: POST /users/login 200 264 - 226.439 ms
2024-07-11T18:59:48.194Z [32minfo[39m: GET /dashboard 401 40 - 7.676 ms
2024-07-11T19:00:20.358Z [32minfo[39m: GET /users/login 200 1522 - 19.171 ms
2024-07-11T19:00:22.915Z [32minfo[39m: POST /users/login 200 264 - 150.331 ms
2024-07-11T19:00:22.952Z [32minfo[39m: GET /dashboard 401 40 - 5.927 ms
2024-07-11T19:05:01.806Z [32minfo[39m: POST /users/login 200 264 - 208.241 ms
2024-07-12T08:17:26.597Z [32minfo[39m: GET /users/login 200 1522 - 26.606 ms
2024-07-12T08:17:26.671Z [32minfo[39m: GET /css/styles.css 304 - - 2.777 ms
2024-07-12T08:17:27.653Z [32minfo[39m: GET /favicon.ico 404 150 - 4.532 ms
2024-07-12T08:17:36.092Z [32minfo[39m: POST /users/login 200 264 - 290.155 ms
2024-07-12T08:17:36.108Z [32minfo[39m: GET /dashboard 401 40 - 3.690 ms
2024-07-12T08:19:36.879Z [32minfo[39m: POST /users/login?email=a@a.com&password=1234 200 264 - 141.177 ms
2024-07-12T08:19:53.708Z [32minfo[39m: GET /dashboard 401 28 - 3.768 ms
2024-07-12T08:20:07.450Z [32minfo[39m: GET /dashboard 200 2225 - 9.285 ms
2024-07-12T08:25:06.889Z [32minfo[39m: GET /forms/create 401 40 - 15.391 ms
2024-07-12T08:25:11.839Z [32minfo[39m: GET /forms/create 401 40 - 3.160 ms
2024-07-12T08:25:33.189Z [32minfo[39m: GET /forms/create 401 40 - 2.173 ms
2024-07-12T08:25:57.497Z [32minfo[39m: GET /forms/create 200 728 - 38.770 ms
2024-07-12T08:26:38.474Z [32minfo[39m: POST /forms/create 500 1311 - 16.727 ms
2024-07-12T08:28:43.203Z [32minfo[39m: POST /forms/create 500 1311 - 24.130 ms
2024-07-12T08:31:33.705Z [32minfo[39m: POST /forms/create 500 1311 - 4.514 ms
2024-07-12T08:34:20.799Z [32minfo[39m: POST /forms/create 500 1311 - 6.954 ms
2024-07-12T08:38:51.917Z [32minfo[39m: POST /forms/create 500 1311 - 6.594 ms
2024-07-12T08:40:21.562Z [32minfo[39m: POST /forms/create 500 1311 - 5.268 ms
2024-07-12T08:40:22.748Z [32minfo[39m: POST /forms/create 500 1311 - 4.718 ms
2024-07-12T08:41:57.659Z [32minfo[39m: POST /forms/create 500 1311 - 41.397 ms
2024-07-12T08:45:47.899Z [32minfo[39m: POST /forms/create 500 1311 - 31.247 ms
2024-07-12T08:50:09.884Z [32minfo[39m: POST /forms/create - - - - ms
2024-07-12T08:56:43.825Z [32minfo[39m: POST /forms/create - - - - ms
2024-07-12T19:56:07.033Z [32minfo[39m: POST /users/login?email=a@a.com&password=1234 200 264 - 437.888 ms
2024-07-12T19:59:13.212Z [32minfo[39m: POST /forms/create 302 32 - 91.636 ms
2024-07-12T19:59:13.402Z [32minfo[39m: GET /dashboard 200 2225 - 27.747 ms
2024-07-12T20:01:09.743Z [32minfo[39m: GET /forms/6690ef5e328b2df2701c94a8 200 798 - 23.473 ms
2024-07-12T20:02:08.148Z [32minfo[39m: POST /forms/6690ef5e328b2df2701c94a8/submit 500 1370 - 10.149 ms
2024-07-12T20:02:32.560Z [32minfo[39m: POST /forms/6690ef5e328b2df2701c94a8/submit 500 1370 - 1.572 ms
2024-07-12T20:05:39.085Z [32minfo[39m: POST /forms/6690ef5e328b2df2701c94a8/submit 500 1370 - 1.905 ms
2024-07-12T20:06:04.084Z [32minfo[39m: POST /forms/6690ef5e328b2df2701c94a8/submit 500 1370 - 26.862 ms
2024-07-12T20:08:19.738Z [32minfo[39m: POST /forms/6690ef5e328b2df2701c94a8/submit 500 1370 - 36.909 ms
2024-07-12T20:10:02.611Z [32minfo[39m: POST /forms/6690ef5e328b2df2701c94a8/submit 302 53 - 68.598 ms
2024-07-12T20:10:02.664Z [32minfo[39m: GET /forms/6690ef5e328b2df2701c94a8 200 798 - 35.004 ms
2024-07-12T20:11:52.240Z [32minfo[39m: POST /forms/6690ef5e328b2df2701c94a8/submit 302 53 - 38.305 ms
2024-07-12T20:11:52.255Z [32minfo[39m: GET /forms/6690ef5e328b2df2701c94a8 200 798 - 11.168 ms
2024-07-12T20:12:09.363Z [32minfo[39m: GET /forms/6690ef5e328b2df2701c94a8 200 798 - 12.325 ms
2024-07-12T20:12:24.240Z [32minfo[39m: GET /forms/6690ef5e328b2df2701c94a8 401 40 - 66.418 ms
2024-07-12T20:12:33.645Z [32minfo[39m: GET /forms/6690ef5e328b2df2701c94a8 200 798 - 107.125 ms
2024-07-12T20:13:48.667Z [32minfo[39m: GET /users/logout 500 1459 - 11.621 ms
2024-07-12T20:14:46.420Z [32minfo[39m: GET /users/logout 500 1459 - 14.373 ms
